<?xml version="1.0" encoding="UTF-8"?>
<!-- Generated by org.testng.reporters.JUnitReportReporter -->
<testsuite hostname="DESKTOP-KJC6B92" failures="0" tests="2" name="ecomm_TestSuite.ProfileIconTestSuite" time="13.033" errors="0" timestamp="2024-05-25T09:18:51 IST" skipped="0">
  <testcase classname="ecomm_TestSuite.ProfileIconTestSuite" name="tc_4568_EditPasswordTest" time="7.881"/>
  <testcase classname="ecomm_TestSuite.ProfileIconTestSuite" name="tc_4569_EditSupportClickTest" time="5.152"/>
</testsuite> <!-- ecomm_TestSuite.ProfileIconTestSuite -->
