<?xml version="1.0" encoding="UTF-8"?>
<!-- Generated by org.testng.reporters.JUnitReportReporter -->
<testsuite hostname="DESKTOP-KJC6B92" failures="0" tests="1" name="pom.AccountLoginTest" time="1.171" errors="0" timestamp="2024-04-28T09:21:45 IST" skipped="0">
  <testcase classname="pom.AccountLoginTest" name="tc_1234_LoginTest" time="1.171"/>
  <system-out/>
</testsuite> <!-- pom.AccountLoginTest -->
