<?xml version="1.0" encoding="UTF-8"?>
<!-- Generated by org.testng.reporters.JUnitReportReporter -->
<testsuite hostname="DESKTOP-KJC6B92" failures="0" tests="1" name="ecomm_TestSuite.ProfileIconTestSuite" time="11.767" errors="0" timestamp="2024-05-12T12:50:00 IST" skipped="0">
  <testcase classname="ecomm_TestSuite.ProfileIconTestSuite" name="tc_4568_EditPasswordTest" time="11.767"/>
  <system-out/>
</testsuite> <!-- ecomm_TestSuite.ProfileIconTestSuite -->
