<?xml version="1.0" encoding="UTF-8"?>
<!-- Generated by org.testng.reporters.JUnitReportReporter -->
<testsuite hostname="DESKTOP-KJC6B92" failures="0" tests="1" name="ecomm_TestSuite.AccountLoginTestSuite" time="14.436" errors="0" timestamp="2024-05-18T12:10:46 IST" skipped="0">
  <testcase classname="ecomm_TestSuite.AccountLoginTestSuite" name="tc_1235_ForgotPassword" time="14.436"/>
  <system-out/>
</testsuite> <!-- ecomm_TestSuite.AccountLoginTestSuite -->
