<?xml version="1.0" encoding="UTF-8"?>
<!-- Generated by org.testng.reporters.JUnitReportReporter -->
<testsuite hostname="DESKTOP-KJC6B92" failures="0" tests="3" name="ecomm_TestSuite.AccountLoginTestSuite" time="7.946" errors="0" timestamp="2024-04-28T09:39:40 IST" skipped="0">
  <testcase classname="ecomm_TestSuite.AccountLoginTestSuite" name="tc_1234_LoginTest" time="4.582"/>
  <system-out/>
  <testcase classname="ecomm_TestSuite.AccountLoginTestSuite" name="tc_1236_LogoutTest" time="2.864"/>
  <system-out/>
  <testcase classname="ecomm_TestSuite.AccountLoginTestSuite" name="tc_1235_ForgotPassword" time="0.500"/>
  <system-out/>
</testsuite> <!-- ecomm_TestSuite.AccountLoginTestSuite -->
