<?xml version="1.0" encoding="UTF-8"?>
<!-- Generated by org.testng.reporters.JUnitReportReporter -->
<testsuite hostname="DESKTOP-KJC6B92" failures="0" tests="2" name="ecomm_TestSuite.ProfileIconTestSuite" time="19.150" errors="0" timestamp="2024-05-19T12:58:50 IST" skipped="0">
  <testcase classname="ecomm_TestSuite.ProfileIconTestSuite" name="tc_4568_EditPasswordTest" time="8.407"/>
  <system-out/>
  <testcase classname="ecomm_TestSuite.ProfileIconTestSuite" name="tc_4569_EditSupportClickTest" time="10.743"/>
  <system-out/>
</testsuite> <!-- ecomm_TestSuite.ProfileIconTestSuite -->
