<?xml version="1.0" encoding="UTF-8"?>
<!-- Generated by org.testng.reporters.JUnitReportReporter -->
<testsuite hostname="DESKTOP-KJC6B92" failures="0" tests="4" name="selenium_testng.ParallelExecution" time="25.526" errors="0" timestamp="2024-04-13T23:38:19 IST" skipped="0">
  <testcase classname="selenium_testng.ParallelExecution" name="m2" time="6.879"/>
  <system-out/>
  <testcase classname="selenium_testng.ParallelExecution" name="m1" time="5.118"/>
  <system-out/>
  <testcase classname="selenium_testng.ParallelExecution" name="m4" time="6.425"/>
  <system-out/>
  <testcase classname="selenium_testng.ParallelExecution" name="m5" time="7.104"/>
  <system-out/>
</testsuite> <!-- selenium_testng.ParallelExecution -->
