<?xml version="1.0" encoding="UTF-8"?>
<!-- Generated by org.testng.reporters.JUnitReportReporter -->
<testsuite hostname="DESKTOP-KJC6B92" failures="0" tests="2" name="pack1.TestClass5" time="0.023" errors="0" timestamp="2024-04-14T08:56:42 IST" skipped="0">
  <testcase classname="pack1.TestClass5" name="TestCase4" time="0.010"/>
  <system-out/>
  <testcase classname="pack1.TestClass5" name="TestCase3" time="0.013"/>
  <system-out/>
</testsuite> <!-- pack1.TestClass5 -->
