<?xml version="1.0" encoding="UTF-8"?>
<!-- Generated by org.testng.reporters.JUnitReportReporter -->
<testsuite hostname="DESKTOP-KJC6B92" failures="0" tests="5" name="pack1.Groups" time="0.042" errors="0" timestamp="2024-04-14T11:31:16 IST" skipped="0">
  <testcase classname="pack1.Groups" name="m3" time="0.003"/>
  <system-out/>
  <testcase classname="pack1.Groups" name="m4" time="0.011"/>
  <system-out/>
  <testcase classname="pack1.Groups" name="m2" time="0.010"/>
  <system-out/>
  <testcase classname="pack1.Groups" name="m5" time="0.007"/>
  <system-out/>
  <testcase classname="pack1.Groups" name="m1" time="0.011"/>
  <system-out/>
</testsuite> <!-- pack1.Groups -->
