<?xml version="1.0" encoding="UTF-8"?>
<!-- Generated by org.testng.reporters.JUnitReportReporter -->
<testsuite hostname="DESKTOP-KJC6B92" failures="0" tests="2" name="selenium_testng.ParallelExecution_Selenium3" time="13.339" errors="0" timestamp="2024-04-21T10:34:08 IST" skipped="0">
  <testcase classname="selenium_testng.ParallelExecution_Selenium3" name="TestCase4" time="7.198"/>
  <system-out/>
  <testcase classname="selenium_testng.ParallelExecution_Selenium3" name="TestCase3" time="6.141"/>
  <system-out/>
</testsuite> <!-- selenium_testng.ParallelExecution_Selenium3 -->
