<?xml version="1.0" encoding="UTF-8"?>
<!-- Generated by org.testng.reporters.JUnitReportReporter -->
<testsuite hostname="DESKTOP-KJC6B92" failures="0" tests="4" name="pack1.DependsonMethods2" time="0.007" errors="0" timestamp="2024-04-14T11:04:57 IST" skipped="1">
  <testcase classname="pack1.DependsonMethods2" name="m5" time="0.000">
    <skipped/>
  </testcase> <!-- m5 -->
  <system-out/>
  <testcase classname="pack1.DependsonMethods2" name="m6" time="0.003"/>
  <system-out/>
  <testcase classname="pack1.DependsonMethods2" name="m7" time="0.002"/>
  <system-out/>
  <testcase classname="pack1.DependsonMethods2" name="m8" time="0.002"/>
  <system-out/>
</testsuite> <!-- pack1.DependsonMethods2 -->
