<?xml version="1.0" encoding="UTF-8"?>
<!-- Generated by org.testng.reporters.JUnitReportReporter -->
<testsuite hostname="DESKTOP-KJC6B92" failures="0" tests="1" name="pack1.Parameters" time="0.009" errors="0" timestamp="2024-04-20T11:38:28 IST" skipped="0">
  <testcase classname="pack1.Parameters" name="m1" time="0.009"/>
  <system-out/>
</testsuite> <!-- pack1.Parameters -->
