<?xml version="1.0" encoding="UTF-8"?>
<!-- Generated by org.testng.reporters.JUnitReportReporter -->
<testsuite hostname="DESKTOP-KJC6B92" failures="0" tests="1" name="test1.LoginTest" time="27.006" errors="0" timestamp="2024-04-13T15:35:47 IST" skipped="0">
  <testcase classname="test1.LoginTest" name="performLoginTest" time="27.006"/>
  <system-out/>
</testsuite> <!-- test1.LoginTest -->
