<?xml version="1.0" encoding="UTF-8"?>
<!-- Generated by org.testng.reporters.JUnitReportReporter -->
<testsuite hostname="DESKTOP-KJC6B92" failures="0" tests="4" name="pack1.DependsOnGroups" time="0.006" errors="0" timestamp="2024-04-14T11:31:16 IST" skipped="1">
  <testcase classname="pack1.DependsOnGroups" name="m4" time="0.001"/>
  <system-out/>
  <testcase classname="pack1.DependsOnGroups" name="m1" time="0.004"/>
  <system-out/>
  <testcase classname="pack1.DependsOnGroups" name="m2" time="0.001"/>
  <system-out/>
  <testcase classname="pack1.DependsOnGroups" name="m3" time="0.000">
    <skipped/>
  </testcase> <!-- m3 -->
  <system-out/>
</testsuite> <!-- pack1.DependsOnGroups -->
