<?xml version="1.0" encoding="UTF-8"?>
<!-- Generated by org.testng.reporters.JUnitReportReporter -->
<testsuite hostname="DESKTOP-KJC6B92" failures="0" tests="5" name="pack1.ParallelExecution" time="0.011" errors="0" timestamp="2024-04-21T09:59:34 IST" skipped="0">
  <testcase classname="pack1.ParallelExecution" name="m1" time="0.006"/>
  <system-out/>
  <testcase classname="pack1.ParallelExecution" name="m2" time="0.001"/>
  <system-out/>
  <testcase classname="pack1.ParallelExecution" name="m3" time="0.001"/>
  <system-out/>
  <testcase classname="pack1.ParallelExecution" name="m4" time="0.002"/>
  <system-out/>
  <testcase classname="pack1.ParallelExecution" name="m5" time="0.001"/>
  <system-out/>
</testsuite> <!-- pack1.ParallelExecution -->
