<?xml version="1.0" encoding="UTF-8"?>
<!-- Generated by org.testng.reporters.JUnitReportReporter -->
<testsuite hostname="DESKTOP-KJC6B92" failures="0" tests="1" name="pack1.ListenerTest" time="0.008" errors="0" timestamp="2024-04-14T14:23:03 IST" skipped="0">
  <testcase classname="pack1.ListenerTest" name="m1" time="0.008"/>
  <system-out/>
</testsuite> <!-- pack1.ListenerTest -->
