<?xml version="1.0" encoding="UTF-8"?>
<!-- Generated by org.testng.reporters.JUnitReportReporter -->
<testsuite hostname="DESKTOP-KJC6B92" failures="0" tests="4" name="pack1.TestClass2" time="0.009" errors="0" timestamp="2024-04-14T10:26:26 IST" skipped="1">
  <testcase classname="pack1.TestClass2" name="TestCase2" time="0.001"/>
  <system-out>
    <![CDATA[TestCase2]]>
  </system-out>
  <testcase classname="pack1.TestClass2" name="TestCase2" time="0.003"/>
  <system-out>
    <![CDATA[TestCase2]]>
  </system-out>
  <testcase classname="pack1.TestClass2" name="TestCase2" time="0.005"/>
  <system-out>
    <![CDATA[TestCase2]]>
  </system-out>
  <testcase classname="pack1.TestClass2" name="TestCase3">
    <skipped/>
  </testcase> <!-- TestCase3 -->
  <system-out/>
</testsuite> <!-- pack1.TestClass2 -->
