<?xml version="1.0" encoding="UTF-8"?>
<!-- Generated by org.testng.reporters.JUnitReportReporter -->
<testsuite hostname="DESKTOP-KJC6B92" failures="0" tests="2" name="selenium_testng.ParallelExecution_Selenium" time="17.234" errors="0" timestamp="2024-04-21T10:11:20 IST" skipped="0">
  <testcase classname="selenium_testng.ParallelExecution_Selenium" name="editAcc2" time="6.723"/>
  <system-out/>
  <testcase classname="selenium_testng.ParallelExecution_Selenium" name="editAcc" time="10.511"/>
  <system-out/>
</testsuite> <!-- selenium_testng.ParallelExecution_Selenium -->
