<?xml version="1.0" encoding="UTF-8"?>
<!-- Generated by org.testng.reporters.JUnitReportReporter -->
<testsuite hostname="DESKTOP-KJC6B92" failures="0" tests="1" name="test1.EditPasswordTest" time="5.241" errors="0" timestamp="2024-04-13T15:37:55 IST" skipped="0">
  <testcase classname="test1.EditPasswordTest" name="performEditPassword" time="5.241"/>
  <system-out/>
</testsuite> <!-- test1.EditPasswordTest -->
