<?xml version="1.0" encoding="UTF-8"?>
<!-- Generated by org.testng.reporters.JUnitReportReporter -->
<testsuite hostname="DESKTOP-KJC6B92" failures="0" tests="2" name="selenium_testng.ParallelExecution_Selenium2" time="9.275" errors="0" timestamp="2024-04-21T10:34:08 IST" skipped="0">
  <testcase classname="selenium_testng.ParallelExecution_Selenium2" name="TestCase2" time="4.955"/>
  <system-out/>
  <testcase classname="selenium_testng.ParallelExecution_Selenium2" name="TestCase1" time="4.320"/>
  <system-out/>
</testsuite> <!-- selenium_testng.ParallelExecution_Selenium2 -->
