<?xml version="1.0" encoding="UTF-8"?>
<!-- Generated by org.testng.reporters.JUnitReportReporter -->
<testsuite hostname="DESKTOP-KJC6B92" failures="0" tests="1" name="pack1.Class1" time="0.010" errors="0" timestamp="2024-04-13T15:08:20 IST" skipped="0">
  <testcase classname="pack1.Class1" name="m1" time="0.010"/>
  <system-out/>
</testsuite> <!-- pack1.Class1 -->
